[debug] [2021-04-03T15:14:05.989Z] ----------------------------------------------------------------------
[debug] [2021-04-03T15:14:05.991Z] Command:       C:\Program Files\nodejs\node.exe C:\Users\omkar\AppData\Roaming\npm\node_modules\firebase-tools\lib\bin\firebase.js init
[debug] [2021-04-03T15:14:05.992Z] CLI Version:   9.8.0
[debug] [2021-04-03T15:14:05.992Z] Platform:      win32
[debug] [2021-04-03T15:14:05.992Z] Node Version:  v14.16.0
[debug] [2021-04-03T15:14:05.993Z] Time:          Sat Apr 03 2021 20:44:05 GMT+0530 (India Standard Time)
[debug] [2021-04-03T15:14:05.993Z] ----------------------------------------------------------------------
[debug] 
[debug] [2021-04-03T15:14:06.000Z] > command requires scopes: ["email","openid","https://www.googleapis.com/auth/cloudplatformprojects.readonly","https://www.googleapis.com/auth/firebase","https://www.googleapis.com/auth/cloud-platform"]
[debug] [2021-04-03T15:14:06.001Z] > authorizing via signed-in user
[info] 
     ######## #### ########  ######## ########     ###     ######  ########
     ##        ##  ##     ## ##       ##     ##  ##   ##  ##       ##
     ######    ##  ########  ######   ########  #########  ######  ######
     ##        ##  ##    ##  ##       ##     ## ##     ##       ## ##
     ##       #### ##     ## ######## ########  ##     ##  ######  ########

You're about to initialize a Firebase project in this directory:

  C:\Users\omkar\Documents\QSOSO\js\superchat

Before we get started, keep in mind:

  * You are initializing in an existing Firebase project directory

